<?xml version="1.0"?>
<partition guid="E7DB9DB9-E26E-408E-8835-784EC5B0645A" primaryInstance="E4A3985F-AD09-493A-9926-84A58472775D" exportMode="All">
	<instance guid="E4A3985F-AD09-493A-9926-84A58472775D" type="Render.TextureAsset" id="test-s3">
		<field name="Name">Textures/Sky/test-s3</field>
		<field name="MemoryReportGroup">MemoryReportGroup_default</field>
		<field name="OutputFormat">TofDXT5A</field>
		<complex name="NormalMapGeneration">
			<field name="NormalMapConversionEnabled">false</field>
			<field name="MinZ">0</field>
			<field name="Scale">1.0</field>
			<field name="FilterKernel">Nmf3x3</field>
			<field name="HeightConversionMethod">HcmAverageRGB</field>
			<field name="AlphaResult">ArtUnchanged</field>
			<field name="Wrap">false</field>
			<field name="InvertX">false</field>
			<field name="InvertY">true</field>
			<field name="InvertZ">false</field>
			<field name="AddHeightMap">false</field>
			<field name="NormalMapSwapRGB">false</field>
		</complex>
		<field name="Gamma">TagLinear</field>
		<field name="Usage">TuDefault</field>
		<field name="SkipMipmaps">5</field>
		<field name="SkipMipmapsPs3">666</field>
		<field name="SkipMipmapsXenon">666</field>
		<field name="ResourceName" />
		<field name="SharpenMipmapsAlpha">false</field>
		<field name="GenerateMipmaps">true</field>
		<field name="ResizeToPowerOf2">true</field>
		<field name="Ps3MemoryType">PmtDefault</field>
	</instance>
</partition>
